[debug] [2023-08-17T16:50:49.142Z] ----------------------------------------------------------------------
[debug] [2023-08-17T16:50:49.146Z] Command:       C:\Program Files\nodejs\node.exe C:\Users\13146\AppData\Roaming\npm\node_modules\firebase-tools\lib\bin\firebase.js --debug --only functions deploy
[debug] [2023-08-17T16:50:49.146Z] CLI Version:   12.4.8
[debug] [2023-08-17T16:50:49.147Z] Platform:      win32
[debug] [2023-08-17T16:50:49.147Z] Node Version:  v18.17.0
[debug] [2023-08-17T16:50:49.148Z] Time:          Thu Aug 17 2023 09:50:49 GMT-0700 (Mountain Standard Time)
[debug] [2023-08-17T16:50:49.148Z] ----------------------------------------------------------------------
[debug] 
[debug] [2023-08-17T16:50:49.248Z] > command requires scopes: ["email","openid","https://www.googleapis.com/auth/cloudplatformprojects.readonly","https://www.googleapis.com/auth/firebase","https://www.googleapis.com/auth/cloud-platform"]
[debug] [2023-08-17T16:50:49.250Z] > authorizing via signed-in user (ocean.abernathy@gmail.com)
[debug] [2023-08-17T16:50:49.251Z] [iam] checking project seus-d5904 for permissions ["cloudfunctions.functions.create","cloudfunctions.functions.delete","cloudfunctions.functions.get","cloudfunctions.functions.list","cloudfunctions.functions.update","cloudfunctions.operations.get","firebase.projects.get"]
[debug] [2023-08-17T16:50:49.256Z] >>> [apiv2][query] POST https://cloudresourcemanager.googleapis.com/v1/projects/seus-d5904:testIamPermissions [none]
[debug] [2023-08-17T16:50:49.257Z] >>> [apiv2][(partial)header] POST https://cloudresourcemanager.googleapis.com/v1/projects/seus-d5904:testIamPermissions x-goog-quota-user=projects/seus-d5904
[debug] [2023-08-17T16:50:49.258Z] >>> [apiv2][body] POST https://cloudresourcemanager.googleapis.com/v1/projects/seus-d5904:testIamPermissions {"permissions":["cloudfunctions.functions.create","cloudfunctions.functions.delete","cloudfunctions.functions.get","cloudfunctions.functions.list","cloudfunctions.functions.update","cloudfunctions.operations.get","firebase.projects.get"]}
[debug] [2023-08-17T16:50:49.614Z] <<< [apiv2][status] POST https://cloudresourcemanager.googleapis.com/v1/projects/seus-d5904:testIamPermissions 200
[debug] [2023-08-17T16:50:49.614Z] <<< [apiv2][body] POST https://cloudresourcemanager.googleapis.com/v1/projects/seus-d5904:testIamPermissions {"permissions":["cloudfunctions.functions.create","cloudfunctions.functions.delete","cloudfunctions.functions.get","cloudfunctions.functions.list","cloudfunctions.functions.update","cloudfunctions.operations.get","firebase.projects.get"]}
[debug] [2023-08-17T16:50:49.615Z] >>> [apiv2][query] POST https://iam.googleapis.com/v1/projects/seus-d5904/serviceAccounts/seus-d5904@appspot.gserviceaccount.com:testIamPermissions [none]
[debug] [2023-08-17T16:50:49.615Z] >>> [apiv2][body] POST https://iam.googleapis.com/v1/projects/seus-d5904/serviceAccounts/seus-d5904@appspot.gserviceaccount.com:testIamPermissions {"permissions":["iam.serviceAccounts.actAs"]}
[debug] [2023-08-17T16:50:49.928Z] <<< [apiv2][status] POST https://iam.googleapis.com/v1/projects/seus-d5904/serviceAccounts/seus-d5904@appspot.gserviceaccount.com:testIamPermissions 200
[debug] [2023-08-17T16:50:49.928Z] <<< [apiv2][body] POST https://iam.googleapis.com/v1/projects/seus-d5904/serviceAccounts/seus-d5904@appspot.gserviceaccount.com:testIamPermissions {"permissions":["iam.serviceAccounts.actAs"]}
[info] 
[info] === Deploying to 'seus-d5904'...
[info] 
[info] i  deploying functions 
[info] Running command: npm --prefix "$RESOURCE_DIR" run lint
[error] 
[error] Error: functions predeploy error: Command terminated with non-zero exit code 1
[debug] [2023-08-17T16:52:25.314Z] ----------------------------------------------------------------------
[debug] [2023-08-17T16:52:25.317Z] Command:       C:\Program Files\nodejs\node.exe C:\Users\13146\AppData\Roaming\npm\node_modules\firebase-tools\lib\bin\firebase.js --debug --only functions deploy
[debug] [2023-08-17T16:52:25.317Z] CLI Version:   12.4.8
[debug] [2023-08-17T16:52:25.318Z] Platform:      win32
[debug] [2023-08-17T16:52:25.318Z] Node Version:  v18.17.0
[debug] [2023-08-17T16:52:25.319Z] Time:          Thu Aug 17 2023 09:52:25 GMT-0700 (Mountain Standard Time)
[debug] [2023-08-17T16:52:25.320Z] ----------------------------------------------------------------------
[debug] 
[debug] [2023-08-17T16:52:25.417Z] > command requires scopes: ["email","openid","https://www.googleapis.com/auth/cloudplatformprojects.readonly","https://www.googleapis.com/auth/firebase","https://www.googleapis.com/auth/cloud-platform"]
[debug] [2023-08-17T16:52:25.419Z] > authorizing via signed-in user (ocean.abernathy@gmail.com)
[debug] [2023-08-17T16:52:25.419Z] [iam] checking project seus-d5904 for permissions ["cloudfunctions.functions.create","cloudfunctions.functions.delete","cloudfunctions.functions.get","cloudfunctions.functions.list","cloudfunctions.functions.update","cloudfunctions.operations.get","firebase.projects.get"]
[debug] [2023-08-17T16:52:25.423Z] >>> [apiv2][query] POST https://cloudresourcemanager.googleapis.com/v1/projects/seus-d5904:testIamPermissions [none]
[debug] [2023-08-17T16:52:25.423Z] >>> [apiv2][(partial)header] POST https://cloudresourcemanager.googleapis.com/v1/projects/seus-d5904:testIamPermissions x-goog-quota-user=projects/seus-d5904
[debug] [2023-08-17T16:52:25.423Z] >>> [apiv2][body] POST https://cloudresourcemanager.googleapis.com/v1/projects/seus-d5904:testIamPermissions {"permissions":["cloudfunctions.functions.create","cloudfunctions.functions.delete","cloudfunctions.functions.get","cloudfunctions.functions.list","cloudfunctions.functions.update","cloudfunctions.operations.get","firebase.projects.get"]}
[debug] [2023-08-17T16:52:25.818Z] <<< [apiv2][status] POST https://cloudresourcemanager.googleapis.com/v1/projects/seus-d5904:testIamPermissions 200
[debug] [2023-08-17T16:52:25.819Z] <<< [apiv2][body] POST https://cloudresourcemanager.googleapis.com/v1/projects/seus-d5904:testIamPermissions {"permissions":["cloudfunctions.functions.create","cloudfunctions.functions.delete","cloudfunctions.functions.get","cloudfunctions.functions.list","cloudfunctions.functions.update","cloudfunctions.operations.get","firebase.projects.get"]}
[debug] [2023-08-17T16:52:25.819Z] >>> [apiv2][query] POST https://iam.googleapis.com/v1/projects/seus-d5904/serviceAccounts/seus-d5904@appspot.gserviceaccount.com:testIamPermissions [none]
[debug] [2023-08-17T16:52:25.820Z] >>> [apiv2][body] POST https://iam.googleapis.com/v1/projects/seus-d5904/serviceAccounts/seus-d5904@appspot.gserviceaccount.com:testIamPermissions {"permissions":["iam.serviceAccounts.actAs"]}
[debug] [2023-08-17T16:52:26.121Z] <<< [apiv2][status] POST https://iam.googleapis.com/v1/projects/seus-d5904/serviceAccounts/seus-d5904@appspot.gserviceaccount.com:testIamPermissions 200
[debug] [2023-08-17T16:52:26.121Z] <<< [apiv2][body] POST https://iam.googleapis.com/v1/projects/seus-d5904/serviceAccounts/seus-d5904@appspot.gserviceaccount.com:testIamPermissions {"permissions":["iam.serviceAccounts.actAs"]}
[info] 
[info] === Deploying to 'seus-d5904'...
[info] 
[info] i  deploying functions 
[info] Running command: npm --prefix "$RESOURCE_DIR" run
[info] +  functions: Finished running predeploy script. 
[debug] [2023-08-17T16:52:27.294Z] >>> [apiv2][query] GET https://firebase.googleapis.com/v1beta1/projects/seus-d5904 [none]
[debug] [2023-08-17T16:52:27.652Z] <<< [apiv2][status] GET https://firebase.googleapis.com/v1beta1/projects/seus-d5904 200
[debug] [2023-08-17T16:52:27.653Z] <<< [apiv2][body] GET https://firebase.googleapis.com/v1beta1/projects/seus-d5904 {"projectId":"seus-d5904","projectNumber":"684497849915","displayName":"Seus","name":"projects/seus-d5904","resources":{"hostingSite":"seus-d5904","storageBucket":"seus-d5904.appspot.com","locationId":"us-central"},"state":"ACTIVE","etag":"1_9bbe275e-3b87-4488-8d70-e6a9739bb8ec"}
[info] i  functions: preparing codebase default for deployment 
[info] i  functions: ensuring required API cloudfunctions.googleapis.com is enabled... 
[info] i  functions: ensuring required API cloudbuild.googleapis.com is enabled... 
[info] i  artifactregistry: ensuring required API artifactregistry.googleapis.com is enabled... 
[debug] [2023-08-17T16:52:27.656Z] >>> [apiv2][query] GET https://serviceusage.googleapis.com/v1/projects/seus-d5904/services/cloudfunctions.googleapis.com [none]
[debug] [2023-08-17T16:52:27.656Z] >>> [apiv2][(partial)header] GET https://serviceusage.googleapis.com/v1/projects/seus-d5904/services/cloudfunctions.googleapis.com x-goog-quota-user=projects/seus-d5904
[debug] [2023-08-17T16:52:27.658Z] >>> [apiv2][query] GET https://serviceusage.googleapis.com/v1/projects/seus-d5904/services/runtimeconfig.googleapis.com [none]
[debug] [2023-08-17T16:52:27.658Z] >>> [apiv2][(partial)header] GET https://serviceusage.googleapis.com/v1/projects/seus-d5904/services/runtimeconfig.googleapis.com x-goog-quota-user=projects/seus-d5904
[debug] [2023-08-17T16:52:27.660Z] >>> [apiv2][query] GET https://serviceusage.googleapis.com/v1/projects/seus-d5904/services/cloudbuild.googleapis.com [none]
[debug] [2023-08-17T16:52:27.660Z] >>> [apiv2][(partial)header] GET https://serviceusage.googleapis.com/v1/projects/seus-d5904/services/cloudbuild.googleapis.com x-goog-quota-user=projects/seus-d5904
[debug] [2023-08-17T16:52:27.661Z] >>> [apiv2][query] GET https://serviceusage.googleapis.com/v1/projects/seus-d5904/services/artifactregistry.googleapis.com [none]
[debug] [2023-08-17T16:52:27.662Z] >>> [apiv2][(partial)header] GET https://serviceusage.googleapis.com/v1/projects/seus-d5904/services/artifactregistry.googleapis.com x-goog-quota-user=projects/seus-d5904
[debug] [2023-08-17T16:52:28.139Z] <<< [apiv2][status] GET https://serviceusage.googleapis.com/v1/projects/seus-d5904/services/runtimeconfig.googleapis.com 200
[debug] [2023-08-17T16:52:28.139Z] <<< [apiv2][body] GET https://serviceusage.googleapis.com/v1/projects/seus-d5904/services/runtimeconfig.googleapis.com [omitted]
[debug] [2023-08-17T16:52:28.159Z] <<< [apiv2][status] GET https://serviceusage.googleapis.com/v1/projects/seus-d5904/services/cloudbuild.googleapis.com 200
[debug] [2023-08-17T16:52:28.160Z] <<< [apiv2][body] GET https://serviceusage.googleapis.com/v1/projects/seus-d5904/services/cloudbuild.googleapis.com [omitted]
[info] +  functions: required API cloudbuild.googleapis.com is enabled 
[debug] [2023-08-17T16:52:28.164Z] <<< [apiv2][status] GET https://serviceusage.googleapis.com/v1/projects/seus-d5904/services/artifactregistry.googleapis.com 200
[debug] [2023-08-17T16:52:28.164Z] <<< [apiv2][body] GET https://serviceusage.googleapis.com/v1/projects/seus-d5904/services/artifactregistry.googleapis.com [omitted]
[info] +  artifactregistry: required API artifactregistry.googleapis.com is enabled 
[debug] [2023-08-17T16:52:28.230Z] <<< [apiv2][status] GET https://serviceusage.googleapis.com/v1/projects/seus-d5904/services/cloudfunctions.googleapis.com 200
[debug] [2023-08-17T16:52:28.230Z] <<< [apiv2][body] GET https://serviceusage.googleapis.com/v1/projects/seus-d5904/services/cloudfunctions.googleapis.com [omitted]
[info] +  functions: required API cloudfunctions.googleapis.com is enabled 
[debug] [2023-08-17T16:52:28.231Z] >>> [apiv2][query] GET https://firebase.googleapis.com/v1beta1/projects/seus-d5904/adminSdkConfig [none]
[debug] [2023-08-17T16:52:28.587Z] <<< [apiv2][status] GET https://firebase.googleapis.com/v1beta1/projects/seus-d5904/adminSdkConfig 200
[debug] [2023-08-17T16:52:28.587Z] <<< [apiv2][body] GET https://firebase.googleapis.com/v1beta1/projects/seus-d5904/adminSdkConfig {"projectId":"seus-d5904","storageBucket":"seus-d5904.appspot.com","locationId":"us-central"}
[debug] [2023-08-17T16:52:28.588Z] >>> [apiv2][query] GET https://runtimeconfig.googleapis.com/v1beta1/projects/seus-d5904/configs [none]
[debug] [2023-08-17T16:52:28.834Z] <<< [apiv2][status] GET https://runtimeconfig.googleapis.com/v1beta1/projects/seus-d5904/configs 200
[debug] [2023-08-17T16:52:28.834Z] <<< [apiv2][body] GET https://runtimeconfig.googleapis.com/v1beta1/projects/seus-d5904/configs {}
[debug] [2023-08-17T16:52:28.836Z] Validating nodejs source
[debug] [2023-08-17T16:52:30.367Z] > [functions] package.json contents: {
  "name": "functions",
  "description": "Cloud Functions for Firebase",
  "scripts": {
    "serve": "firebase emulators:start --only functions",
    "shell": "firebase functions:shell",
    "start": "npm run shell",
    "deploy": "firebase deploy --only functions",
    "logs": "firebase functions:log"
  },
  "engines": {
    "node": "18"
  },
  "main": "index.js",
  "dependencies": {
    "firebase-admin": "^11.10.1",
    "firebase-functions": "^4.4.1"
  },
  "devDependencies": {
    "firebase-functions-test": "^3.1.0"
  },
  "private": true
}
[debug] [2023-08-17T16:52:30.368Z] Building nodejs source
[info] i  functions: Loading and analyzing source code for codebase default to determine what to deploy 
[debug] [2023-08-17T16:52:30.369Z] Could not find functions.yaml. Must use http discovery
[debug] [2023-08-17T16:52:30.380Z] Found firebase-functions binary at 'C:\Users\13146\Desktop\DEV\seus\functions\node_modules\.bin\firebase-functions'
[info] Serving at port 8694

[debug] [2023-08-17T16:52:30.706Z] Got response code 400; body Failed to generate manifest from function source: SyntaxError: Cannot use import statement outside a module
[info] shutdown requested via /__/quitquitquit

[error] 
[error] Error: Functions codebase could not be analyzed successfully. It may have a syntax or runtime error
